2026-03-04 22:42:00,719 [INFO] Activator:176 - 


2026-03-04 22:42:00,721 [INFO] Activator:177 - !SESSION log4j initialized
2026-03-04 22:42:06,426 [INFO] LogOutputStream:77 - [STDOUT_REDIRECT] 
2026-03-04 22:42:19,151 [INFO] ApplicationProperties:184 - Using Application install path: E:\STM32CubelDE\STM32CubeIDE_1.19.0\STM32CubeIDE\plugins\com.st.stm32cube.common.mx_6.15.0.202507011659
2026-03-04 22:42:19,219 [INFO] DbMcusXml:78 - Set database path to: E:\STM32CubelDE\STM32CubeIDE_1.19.0\STM32CubeIDE\plugins\com.st.stm32cube.common.mx_6.15.0.202507011659\\db\/mcu/
2026-03-04 22:42:19,219 [INFO] ApiDb:274 - Set plugin database path to: E:\STM32CubelDE\STM32CubeIDE_1.19.0\STM32CubeIDE\plugins\com.st.stm32cube.common.mx_6.15.0.202507011659\\db\/plugins/boardmanager/
2026-03-04 22:42:19,222 [WARN] ApiDb:259 - Overriding images path with different value:  => E:\STM32CubelDE\STM32CubeIDE_1.19.0\STM32CubeIDE\plugins\com.st.stm32cube.common.mx_6.15.0.202507011659\\db\/plugins/mcufinder/images/
2026-03-04 22:42:19,289 [INFO] ApiDb:250 - Set database path to: C:\Users\PC\.stmcufinder\plugins\mcufinder//mcu/
2026-03-04 22:42:19,295 [INFO] DbMcusAds:125 - Set database path to: C:\Users\PC\.stmcufinder\plugins\mcufinder//mcu/
2026-03-04 22:42:19,309 [INFO] CrossReferenceDbSqlite:203 - Set database path to: C:\Users\PC\.stmcufinder\plugins\mcufinder//mcu/cs/
2026-03-04 22:42:19,701 [INFO] RulesReader:64 - Compatibility file has been processed (317 Rules)
2026-03-04 22:42:20,139 [INFO] DbMcusXml:78 - Set database path to: E:\STM32CubelDE\STM32CubeIDE_1.19.0\STM32CubeIDE\plugins\com.st.stm32cube.common.mx_6.15.0.202507011659\\db\/mcu/
2026-03-04 22:42:20,140 [INFO] ApiDb:274 - Set plugin database path to: E:\STM32CubelDE\STM32CubeIDE_1.19.0\STM32CubeIDE\plugins\com.st.stm32cube.common.mx_6.15.0.202507011659\\db\/plugins/boardmanager/
2026-03-04 22:42:20,140 [INFO] ApiDb:261 - Set plugin images path to: E:\STM32CubelDE\STM32CubeIDE_1.19.0\STM32CubeIDE\plugins\com.st.stm32cube.common.mx_6.15.0.202507011659\\db\/plugins/mcufinder/images/
2026-03-04 22:42:20,140 [WARN] DbFile:41 - Overriding database path with different value: C:\Users\PC\.stmcufinder\plugins\mcufinder/ => C:\Users\PC\.stmcufinder\plugins\mcufinder
2026-03-04 22:42:20,141 [INFO] ApiDb:250 - Set database path to: C:\Users\PC\.stmcufinder\plugins\mcufinder//mcu/
2026-03-04 22:42:20,142 [WARN] DbFile:41 - Overriding database path with different value: C:\Users\PC\.stmcufinder\plugins\mcufinder/ => C:\Users\PC\.stmcufinder\plugins\mcufinder
2026-03-04 22:42:20,143 [INFO] DbMcusAds:125 - Set database path to: C:\Users\PC\.stmcufinder\plugins\mcufinder//mcu/
2026-03-04 22:42:20,143 [WARN] DbFile:41 - Overriding database path with different value: C:\Users\PC\.stmcufinder\plugins\mcufinder/ => C:\Users\PC\.stmcufinder\plugins\mcufinder
2026-03-04 22:42:20,143 [WARN] DbFile:41 - Overriding database path with different value: C:\Users\PC\.stmcufinder\plugins\mcufinder/ => C:\Users\PC\.stmcufinder\plugins\mcufinder
2026-03-04 22:42:20,149 [INFO] CrossReferenceDbSqlite:203 - Set database path to: C:\Users\PC\.stmcufinder\plugins\mcufinder//mcu/cs/
2026-03-04 22:42:20,436 [INFO] MainPanel:274 - HeapMemory: 268435456
2026-03-04 22:42:20,891 [INFO] DbMcusXml:78 - Set database path to: E:\STM32CubelDE\STM32CubeIDE_1.19.0\STM32CubeIDE\plugins\com.st.stm32cube.common.mx_6.15.0.202507011659\\db\/mcu/
2026-03-04 22:42:20,891 [INFO] ApiDb:274 - Set plugin database path to: E:\STM32CubelDE\STM32CubeIDE_1.19.0\STM32CubeIDE\plugins\com.st.stm32cube.common.mx_6.15.0.202507011659\\db\/plugins/boardmanager/
2026-03-04 22:42:20,892 [INFO] ApiDb:261 - Set plugin images path to: E:\STM32CubelDE\STM32CubeIDE_1.19.0\STM32CubeIDE\plugins\com.st.stm32cube.common.mx_6.15.0.202507011659\\db\/plugins/mcufinder/images/
2026-03-04 22:42:20,892 [WARN] DbFile:41 - Overriding database path with different value: C:\Users\PC\.stmcufinder\plugins\mcufinder/ => C:\Users\PC\.stmcufinder\plugins\mcufinder
2026-03-04 22:42:20,893 [INFO] ApiDb:250 - Set database path to: C:\Users\PC\.stmcufinder\plugins\mcufinder//mcu/
2026-03-04 22:42:20,893 [WARN] DbFile:41 - Overriding database path with different value: C:\Users\PC\.stmcufinder\plugins\mcufinder/ => C:\Users\PC\.stmcufinder\plugins\mcufinder
2026-03-04 22:42:20,894 [INFO] DbMcusAds:125 - Set database path to: C:\Users\PC\.stmcufinder\plugins\mcufinder//mcu/
2026-03-04 22:42:20,894 [WARN] DbFile:41 - Overriding database path with different value: C:\Users\PC\.stmcufinder\plugins\mcufinder/ => C:\Users\PC\.stmcufinder\plugins\mcufinder
2026-03-04 22:42:20,894 [WARN] DbFile:41 - Overriding database path with different value: C:\Users\PC\.stmcufinder\plugins\mcufinder/ => C:\Users\PC\.stmcufinder\plugins\mcufinder
2026-03-04 22:42:20,896 [INFO] CrossReferenceDbSqlite:203 - Set database path to: C:\Users\PC\.stmcufinder\plugins\mcufinder//mcu/cs/
2026-03-04 22:42:20,956 [INFO] ApplicationProperties:184 - Using Application install path: E:\STM32CubelDE\STM32CubeIDE_1.19.0\STM32CubeIDE\plugins\com.st.stm32cube.common.mx_6.15.0.202507011659
2026-03-04 22:42:20,961 [INFO] PluginManage:196 - Search for loadable plugins [exclusion list=, ]
2026-03-04 22:42:20,967 [INFO] PluginManage:310 - Check plugin analytics
2026-03-04 22:42:26,669 [INFO] AnalyticsPlugin:253 - Accepted Software Licenses: STM32CubeMX.6.16.0
2026-03-04 22:42:26,669 [INFO] AnalyticsPlugin:255 - Accepted CMSIS Pack Licenses: 
2026-03-04 22:42:26,669 [INFO] AnalyticsPlugin:257 - Accepted Firmware Licenses: 
2026-03-04 22:42:26,678 [INFO] PluginManage:359 - Loaded plugin analytics (category:tool,tabindex:-1)
2026-03-04 22:42:26,680 [INFO] PluginManage:310 - Check plugin cadmodel
2026-03-04 22:42:26,692 [INFO] CADModel:105 - Init CAD model plugin
2026-03-04 22:42:26,692 [INFO] PluginManage:359 - Loaded plugin cadmodel (category:power,tabindex:5)
2026-03-04 22:42:26,693 [INFO] PluginManage:310 - Check plugin clock
2026-03-04 22:42:26,713 [INFO] PluginManage:359 - Loaded plugin clock (category:base,tabindex:2)
2026-03-04 22:42:26,714 [INFO] PluginManage:310 - Check plugin ddr
2026-03-04 22:42:26,718 [INFO] PluginManage:359 - Loaded plugin ddr (category:tool,tabindex:6)
2026-03-04 22:42:26,719 [INFO] PluginManage:310 - Check plugin filemanager
2026-03-04 22:42:27,109 [INFO] PluginManage:359 - Loaded plugin filemanager (category:base,tabindex:10)
2026-03-04 22:42:27,110 [INFO] PluginManage:310 - Check plugin ipmanager
2026-03-04 22:42:27,134 [INFO] PluginManage:359 - Loaded plugin ipmanager (category:base,tabindex:5)
2026-03-04 22:42:27,135 [INFO] PluginManage:310 - Check plugin lpbam
2026-03-04 22:42:27,164 [INFO] PluginManage:359 - Loaded plugin lpbam (category:base,tabindex:0)
2026-03-04 22:42:27,164 [INFO] PluginManage:310 - Check plugin memorymap
2026-03-04 22:42:27,208 [INFO] PluginManage:359 - Loaded plugin memorymap (category:base,tabindex:4)
2026-03-04 22:42:27,209 [INFO] PluginManage:310 - Check plugin pinoutandconfiguration
2026-03-04 22:42:27,238 [INFO] PluginManage:359 - Loaded plugin pinoutandconfiguration (category:base,tabindex:1)
2026-03-04 22:42:27,238 [INFO] PluginManage:310 - Check plugin pinoutconfig
2026-03-04 22:42:27,641 [WARN] SupportedApi:132 - Cannot load RTOS API schema: s4s-elt-must-match.1: The content of 'definitions' must match (annotation?, (simpleType | complexType)?, (unique | key | keyref)*)). A problem was found starting at: attribute.
2026-03-04 22:42:28,142 [INFO] PluginManage:359 - Loaded plugin pinoutconfig (category:base,tabindex:0)
2026-03-04 22:42:28,142 [INFO] PluginManage:310 - Check plugin power
2026-03-04 22:42:28,160 [INFO] PluginManage:359 - Loaded plugin power (category:power,tabindex:4)
2026-03-04 22:42:28,160 [INFO] PluginManage:310 - Check plugin projectmanager
2026-03-04 22:42:28,202 [INFO] PluginManage:359 - Loaded plugin projectmanager (category:projectmanager,tabindex:4)
2026-03-04 22:42:28,204 [INFO] PluginManage:310 - Check plugin rif
2026-03-04 22:42:28,226 [INFO] PluginManage:359 - Loaded plugin rif (category:base,tabindex:3)
2026-03-04 22:42:28,226 [INFO] PluginManage:310 - Check plugin thirdparty
2026-03-04 22:42:28,610 [INFO] PluginManage:359 - Loaded plugin thirdparty (category:base,tabindex:-1)
2026-03-04 22:42:28,610 [WARN] IntegrityCheckThread:84 - waiting for thirdparty lock release [integrity check]
2026-03-04 22:42:28,611 [INFO] PluginManage:310 - Check plugin tools
2026-03-04 22:42:28,611 [INFO] IntegrityCheckThread:86 - entering critical section [integrity check]
2026-03-04 22:42:28,612 [INFO] ThirdPartyUpdaterWithRetryManager:70 - Updater plugin not ready yet. [1/15]
2026-03-04 22:42:28,618 [INFO] PluginManage:359 - Loaded plugin tools (category:base,tabindex:7)
2026-03-04 22:42:28,618 [INFO] PluginManage:310 - Check plugin tutovideos
2026-03-04 22:42:29,150 [INFO] PluginManage:359 - Loaded plugin tutovideos (category:base,tabindex:-1)
2026-03-04 22:42:29,151 [INFO] PluginManage:310 - Check plugin updater
2026-03-04 22:42:29,221 [INFO] PluginManage:359 - Loaded plugin updater (category:base,tabindex:12)
2026-03-04 22:42:29,221 [INFO] PluginManage:310 - Check plugin userauth
2026-03-04 22:42:29,233 [INFO] UserAuth:118 - Init User Auth plugin
2026-03-04 22:42:29,235 [INFO] PluginManage:359 - Loaded plugin userauth (category:base,tabindex:14)
2026-03-04 22:42:29,235 [INFO] PluginManage:283 - PluginManage : Loaded plugins [18]
2026-03-04 22:42:29,836 [INFO] PinOutPanel:1589 - setPackage(No Configuration,No Configuration)
2026-03-04 22:42:30,114 [INFO] CADModel:165 - CPN selected for project level
2026-03-04 22:42:30,114 [INFO] CADModel:114 - Register for checkConnection events
2026-03-04 22:42:30,161 [INFO] IPUIPlugin:80 - create IPUIPlugin
2026-03-04 22:42:30,162 [INFO] PluginManager:220 - loadIPPluginJar : add adc
2026-03-04 22:42:30,170 [INFO] IPUIPlugin:80 - create IPUIPlugin
2026-03-04 22:42:30,171 [INFO] PluginManager:220 - loadIPPluginJar : add aes
2026-03-04 22:42:30,184 [INFO] IPUIPlugin:80 - create IPUIPlugin
2026-03-04 22:42:30,185 [INFO] PluginManager:220 - loadIPPluginJar : add can
2026-03-04 22:42:30,193 [INFO] IPUIPlugin:80 - create IPUIPlugin
2026-03-04 22:42:30,194 [INFO] PluginManager:220 - loadIPPluginJar : add comp
2026-03-04 22:42:30,204 [INFO] IPUIPlugin:80 - create IPUIPlugin
2026-03-04 22:42:30,205 [INFO] PluginManager:220 - loadIPPluginJar : add cryp
2026-03-04 22:42:30,215 [INFO] IPUIPlugin:80 - create IPUIPlugin
2026-03-04 22:42:30,215 [INFO] PluginManager:220 - loadIPPluginJar : add ddr_ctrl_phy
2026-03-04 22:42:30,227 [INFO] IPUIPlugin:80 - create IPUIPlugin
2026-03-04 22:42:30,228 [INFO] PluginManager:220 - loadIPPluginJar : add dfsdm
2026-03-04 22:42:30,245 [INFO] IPUIPlugin:80 - create IPUIPlugin
2026-03-04 22:42:30,246 [INFO] PluginManager:220 - loadIPPluginJar : add dma
2026-03-04 22:42:30,255 [INFO] IPUIPlugin:80 - create IPUIPlugin
2026-03-04 22:42:30,255 [INFO] PluginManager:220 - loadIPPluginJar : add dma3
2026-03-04 22:42:30,265 [INFO] IPUIPlugin:80 - create IPUIPlugin
2026-03-04 22:42:30,265 [INFO] PluginManager:220 - loadIPPluginJar : add extmemmanager
2026-03-04 22:42:30,269 [INFO] IPUIPlugin:80 - create IPUIPlugin
2026-03-04 22:42:30,270 [INFO] PluginManager:220 - loadIPPluginJar : add fatfs
2026-03-04 22:42:30,280 [INFO] IPUIPlugin:80 - create IPUIPlugin
2026-03-04 22:42:30,281 [INFO] PluginManager:220 - loadIPPluginJar : add fmc
2026-03-04 22:42:30,295 [INFO] IPUIPlugin:80 - create IPUIPlugin
2026-03-04 22:42:30,296 [INFO] PluginManager:220 - loadIPPluginJar : add freertos
2026-03-04 22:42:30,301 [INFO] IPUIPlugin:80 - create IPUIPlugin
2026-03-04 22:42:30,301 [INFO] PluginManager:220 - loadIPPluginJar : add genericplugin
2026-03-04 22:42:30,307 [INFO] IPUIPlugin:80 - create IPUIPlugin
2026-03-04 22:42:30,307 [INFO] PluginManager:220 - loadIPPluginJar : add gfxmmu
2026-03-04 22:42:30,318 [INFO] IPUIPlugin:80 - create IPUIPlugin
2026-03-04 22:42:30,318 [INFO] PluginManager:220 - loadIPPluginJar : add gic
2026-03-04 22:42:30,331 [INFO] IPUIPlugin:80 - create IPUIPlugin
2026-03-04 22:42:30,331 [INFO] PluginManager:220 - loadIPPluginJar : add gpio
2026-03-04 22:42:30,339 [INFO] IPUIPlugin:80 - create IPUIPlugin
2026-03-04 22:42:30,340 [INFO] PluginManager:220 - loadIPPluginJar : add gtzc
2026-03-04 22:42:30,345 [INFO] IPUIPlugin:80 - create IPUIPlugin
2026-03-04 22:42:30,345 [INFO] PluginManager:220 - loadIPPluginJar : add hash
2026-03-04 22:42:30,353 [INFO] IPUIPlugin:80 - create IPUIPlugin
2026-03-04 22:42:30,353 [INFO] PluginManager:220 - loadIPPluginJar : add i2c
2026-03-04 22:42:30,359 [INFO] IPUIPlugin:80 - create IPUIPlugin
2026-03-04 22:42:30,359 [INFO] PluginManager:220 - loadIPPluginJar : add i2s
2026-03-04 22:42:30,365 [INFO] IPUIPlugin:80 - create IPUIPlugin
2026-03-04 22:42:30,366 [INFO] PluginManager:220 - loadIPPluginJar : add i3c
2026-03-04 22:42:30,376 [INFO] IPUIPlugin:80 - create IPUIPlugin
2026-03-04 22:42:30,376 [INFO] PluginManager:220 - loadIPPluginJar : add ipddr
2026-03-04 22:42:30,391 [INFO] IPUIPlugin:80 - create IPUIPlugin
2026-03-04 22:42:30,392 [INFO] PluginManager:220 - loadIPPluginJar : add linkedlist
2026-03-04 22:42:30,400 [INFO] IPUIPlugin:80 - create IPUIPlugin
2026-03-04 22:42:30,401 [INFO] PluginManager:220 - loadIPPluginJar : add lorawan
2026-03-04 22:42:30,405 [INFO] IPUIPlugin:80 - create IPUIPlugin
2026-03-04 22:42:30,406 [INFO] PluginManager:220 - loadIPPluginJar : add ltdc
2026-03-04 22:42:30,450 [INFO] IPUIPlugin:80 - create IPUIPlugin
2026-03-04 22:42:30,451 [INFO] PluginManager:220 - loadIPPluginJar : add mdma
2026-03-04 22:42:30,489 [INFO] IPUIPlugin:80 - create IPUIPlugin
2026-03-04 22:42:30,492 [INFO] PluginManager:220 - loadIPPluginJar : add nvic
2026-03-04 22:42:30,521 [INFO] IPUIPlugin:80 - create IPUIPlugin
2026-03-04 22:42:30,522 [INFO] PluginManager:220 - loadIPPluginJar : add opamp
2026-03-04 22:42:30,553 [INFO] IPUIPlugin:80 - create IPUIPlugin
2026-03-04 22:42:30,555 [INFO] PluginManager:220 - loadIPPluginJar : add openamp
2026-03-04 22:42:30,582 [INFO] IPUIPlugin:80 - create IPUIPlugin
2026-03-04 22:42:30,583 [INFO] PluginManager:220 - loadIPPluginJar : add pdm2pcm
2026-03-04 22:42:30,622 [INFO] IPUIPlugin:80 - create IPUIPlugin
2026-03-04 22:42:30,637 [INFO] PluginManager:220 - loadIPPluginJar : add plateformsettings
2026-03-04 22:42:30,647 [INFO] IPUIPlugin:80 - create IPUIPlugin
2026-03-04 22:42:30,649 [INFO] PluginManager:220 - loadIPPluginJar : add quadspi
2026-03-04 22:42:30,660 [INFO] IPUIPlugin:80 - create IPUIPlugin
2026-03-04 22:42:30,663 [INFO] PluginManager:220 - loadIPPluginJar : add radio
2026-03-04 22:42:30,678 [INFO] IPUIPlugin:80 - create IPUIPlugin
2026-03-04 22:42:30,678 [INFO] PluginManager:220 - loadIPPluginJar : add resmgrutility
2026-03-04 22:42:30,692 [INFO] IPUIPlugin:80 - create IPUIPlugin
2026-03-04 22:42:30,693 [INFO] PluginManager:220 - loadIPPluginJar : add sai
2026-03-04 22:42:30,705 [INFO] IPUIPlugin:80 - create IPUIPlugin
2026-03-04 22:42:30,705 [INFO] PluginManager:220 - loadIPPluginJar : add spi
2026-03-04 22:42:30,732 [INFO] IPUIPlugin:80 - create IPUIPlugin
2026-03-04 22:42:30,732 [INFO] PluginManager:220 - loadIPPluginJar : add stm32_wpan
2026-03-04 22:42:30,741 [INFO] IPUIPlugin:80 - create IPUIPlugin
2026-03-04 22:42:30,743 [INFO] PluginManager:220 - loadIPPluginJar : add tim
2026-03-04 22:42:30,765 [INFO] IPUIPlugin:80 - create IPUIPlugin
2026-03-04 22:42:30,766 [INFO] PluginManager:220 - loadIPPluginJar : add touchsensing
2026-03-04 22:42:30,779 [INFO] IPUIPlugin:80 - create IPUIPlugin
2026-03-04 22:42:30,780 [INFO] PluginManager:220 - loadIPPluginJar : add tracer_emb
2026-03-04 22:42:30,788 [INFO] IPUIPlugin:80 - create IPUIPlugin
2026-03-04 22:42:30,789 [INFO] PluginManager:220 - loadIPPluginJar : add ts
2026-03-04 22:42:30,803 [INFO] IPUIPlugin:80 - create IPUIPlugin
2026-03-04 22:42:30,803 [INFO] PluginManager:220 - loadIPPluginJar : add tsc
2026-03-04 22:42:30,813 [INFO] IPUIPlugin:80 - create IPUIPlugin
2026-03-04 22:42:30,814 [INFO] PluginManager:220 - loadIPPluginJar : add ucpd
2026-03-04 22:42:30,825 [INFO] IPUIPlugin:80 - create IPUIPlugin
2026-03-04 22:42:30,826 [INFO] PluginManager:220 - loadIPPluginJar : add usart
2026-03-04 22:42:30,840 [INFO] IPUIPlugin:80 - create IPUIPlugin
2026-03-04 22:42:30,842 [INFO] PluginManager:220 - loadIPPluginJar : add usbx
2026-03-04 22:42:31,233 [FATAL] Updater:351 - Updater called before beeing initialized
2026-03-04 22:42:31,451 [INFO] RulesReader:64 - Compatibility file has been processed (317 Rules)
2026-03-04 22:42:31,532 [INFO] RulesReader:64 - Compatibility file has been processed (317 Rules)
2026-03-04 22:42:31,590 [INFO] CADModel:165 - CPN selected for project level
2026-03-04 22:42:31,590 [INFO] CADModel:114 - Register for checkConnection events
2026-03-04 22:42:31,591 [FATAL] Updater:351 - Updater called before beeing initialized
2026-03-04 22:42:31,592 [ERROR] CADModel:125 - Updater not yet initialized, retry later 
2026-03-04 22:42:31,615 [INFO] ThirdPartyUpdaterWithRetryManager:70 - Updater plugin not ready yet. [2/15]
2026-03-04 22:42:32,124 [FATAL] Updater:351 - Updater called before beeing initialized
2026-03-04 22:42:32,129 [INFO] CADModel:165 - CPN selected for project level
2026-03-04 22:42:32,129 [INFO] CADModel:114 - Register for checkConnection events
2026-03-04 22:42:32,129 [FATAL] Updater:351 - Updater called before beeing initialized
2026-03-04 22:42:32,129 [ERROR] CADModel:125 - Updater not yet initialized, retry later 
2026-03-04 22:42:32,136 [FATAL] Updater:351 - Updater called before beeing initialized
2026-03-04 22:42:32,473 [FATAL] Updater:351 - Updater called before beeing initialized
2026-03-04 22:42:32,483 [INFO] DbMcusAds:53 - JSON generation date=Mon Nov 10 18:43:01 CST 2025 (1762771381096)
2026-03-04 22:42:32,483 [FATAL] Updater:351 - Updater called before beeing initialized
2026-03-04 22:42:32,576 [WARN] DetailPanel:346 - Failed to get advertising image, set to default
2026-03-04 22:42:32,828 [FATAL] Updater:351 - Updater called before beeing initialized
2026-03-04 22:42:32,834 [FATAL] Updater:351 - Updater called before beeing initialized
2026-03-04 22:42:32,835 [FATAL] Updater:351 - Updater called before beeing initialized
2026-03-04 22:42:32,836 [WARN] DetailPanel:346 - Failed to get advertising image, set to default
2026-03-04 22:42:32,839 [FATAL] Updater:351 - Updater called before beeing initialized
2026-03-04 22:42:32,998 [ERROR] Updater:1198 - MainUpdater not yet initialized. External WinMGr cannot be set.
2026-03-04 22:42:33,018 [INFO] Updater:1134 - Updater Version found : 6.15.0
2026-03-04 22:42:33,061 [INFO] ApplicationProperties:184 - Using Application install path: E:\STM32CubelDE\STM32CubeIDE_1.19.0\STM32CubeIDE\plugins\com.st.stm32cube.common.mx_6.15.0.202507011659
2026-03-04 22:42:33,185 [INFO] MainUpdater:525 - Copy updater definitions from MX database
2026-03-04 22:42:34,100 [INFO] MainUpdater:2872 - connection check result : 10
2026-03-04 22:42:34,100 [INFO] MainUpdater:3604 - Updater definition file requires update
2026-03-04 22:42:34,104 [INFO] MainUpdater:289 - Updater Check For Update Now.
2026-03-04 22:42:34,104 [INFO] MicroXplorer:498 - Change Database Version : DB.6.0.150
2026-03-04 22:42:34,120 [INFO] McuFinderGlobals:63 - Set McuFinder mode to 2 (CubeIDE integrated)
2026-03-04 22:42:34,121 [INFO] UserAuth:171 - activating auth plugin
2026-03-04 22:42:34,126 [INFO] UserAuth:487 - Internet connection configuration mode: 1
2026-03-04 22:42:34,187 [INFO] JxBrowserEngine:152 - Initiate JxBrowser Engine with user profile folder
2026-03-04 22:42:34,477 [INFO] ServerAccessManage:452 - Complete download http(s) 200
2026-03-04 22:42:34,479 [INFO] ServerAccessManage:509 - Download File updaters.zip
2026-03-04 22:42:34,619 [WARN] MainUpdater:1193 - Updater busy. Cannot search thirdparties
2026-03-04 22:42:34,619 [INFO] ThirdPartyUpdaterWithRetryManager:96 - Updater plugin is busy. [1/15]
2026-03-04 22:42:34,726 [INFO] FileExtend:248 - Unzip File : updaters.zip
2026-03-04 22:42:34,727 [INFO] FileExtend:263 - Standard Zip Deflate
2026-03-04 22:42:36,539 [INFO] ServerAccessManage:452 - Complete download http(s) 200
2026-03-04 22:42:36,540 [INFO] ServerAccessManage:509 - Download File PacksControlFlags.xml
2026-03-04 22:42:36,708 [INFO] ServerAccessManage:452 - Complete download http(s) 200
2026-03-04 22:42:36,709 [INFO] ServerAccessManage:509 - Download File cubemx.pidx
2026-03-04 22:42:37,627 [WARN] MainUpdater:1193 - Updater busy. Cannot search thirdparties
2026-03-04 22:42:37,628 [INFO] ThirdPartyUpdaterWithRetryManager:96 - Updater plugin is busy. [2/15]
2026-03-04 22:42:37,651 [INFO] ServerAccessManage:452 - Complete download http(s) 200
2026-03-04 22:42:37,652 [INFO] ServerAccessManage:509 - Download File STMicroelectronics.FP-SNS-MOTENVWB1.pdsc
2026-03-04 22:42:38,502 [INFO] ServerAccessManage:452 - Complete download http(s) 200
2026-03-04 22:42:38,503 [INFO] ServerAccessManage:509 - Download File STMicroelectronics.X-CUBE-FREERTOS.pdsc
2026-03-04 22:42:39,187 [INFO] ServerAccessManage:452 - Complete download http(s) 200
2026-03-04 22:42:39,188 [INFO] ServerAccessManage:509 - Download File STMicroelectronics.X-CUBE-MEMS1.pdsc
2026-03-04 22:42:40,638 [WARN] MainUpdater:1193 - Updater busy. Cannot search thirdparties
2026-03-04 22:42:40,638 [INFO] ThirdPartyUpdaterWithRetryManager:96 - Updater plugin is busy. [3/15]
2026-03-04 22:42:42,970 [INFO] ServerAccessManage:452 - Complete download http(s) 200
2026-03-04 22:42:42,970 [INFO] ServerAccessManage:509 - Download File STMicroelectronics.X-CUBE-NFC6.pdsc
2026-03-04 22:42:43,648 [WARN] MainUpdater:1193 - Updater busy. Cannot search thirdparties
2026-03-04 22:42:43,649 [INFO] ThirdPartyUpdaterWithRetryManager:96 - Updater plugin is busy. [4/15]
2026-03-04 22:42:44,846 [INFO] ServerAccessManage:452 - Complete download http(s) 200
2026-03-04 22:42:44,848 [INFO] ServerAccessManage:509 - Download File STMicroelectronics.X-CUBE-ST67W61.pdsc
2026-03-04 22:42:45,715 [INFO] ServerAccessManage:452 - Complete download http(s) 200
2026-03-04 22:42:45,716 [INFO] ServerAccessManage:509 - Download File STMicroelectronics.X-CUBE-STSE01.pdsc
2026-03-04 22:42:46,635 [INFO] ServerAccessManage:452 - Complete download http(s) 200
2026-03-04 22:42:46,635 [INFO] ServerAccessManage:509 - Download File STMicroelectronics.X-CUBE-TOUCHGFX.pdsc
2026-03-04 22:42:46,661 [WARN] MainUpdater:1193 - Updater busy. Cannot search thirdparties
2026-03-04 22:42:46,661 [INFO] ThirdPartyUpdaterWithRetryManager:96 - Updater plugin is busy. [5/15]
2026-03-04 22:42:47,745 [INFO] WebApp:169 - Instantiating new browser for Auth
2026-03-04 22:42:49,664 [WARN] MainUpdater:1193 - Updater busy. Cannot search thirdparties
2026-03-04 22:42:49,664 [INFO] ThirdPartyUpdaterWithRetryManager:96 - Updater plugin is busy. [6/15]
2026-03-04 22:42:50,671 [INFO] WebApp:463 - Apply proxy settings
2026-03-04 22:42:50,672 [INFO] WebApp:548 - Chromium requires no authentication
2026-03-04 22:42:50,706 [INFO] WebApp:491 - Direct internet connection detected
2026-03-04 22:42:50,805 [INFO] WebApp:900 - Register for checkConnection events
2026-03-04 22:42:50,806 [INFO] WebApp:463 - Apply proxy settings
2026-03-04 22:42:50,806 [INFO] WebApp:548 - Chromium requires no authentication
2026-03-04 22:42:50,810 [INFO] WebApp:491 - Direct internet connection detected
2026-03-04 22:42:51,372 [INFO] WebApp:225 - Starting web application
2026-03-04 22:42:51,373 [INFO] WebApp:593 - Web application path used E:\STM32CubelDE\STM32CubeIDE_1.19.0\STM32CubeIDE\plugins\com.st.stm32cube.common.mx_6.15.0.202507011659\db\plugins\mcufinder\reactClient1\index.html
2026-03-04 22:42:52,331 [INFO] ServerAccessManage:452 - Complete download http(s) 200
2026-03-04 22:42:52,335 [INFO] ServerAccessManage:509 - Download File STMicroelectronics.X-CUBE-AZRTOS-H7.pdsc
2026-03-04 22:42:52,668 [WARN] MainUpdater:1193 - Updater busy. Cannot search thirdparties
2026-03-04 22:42:52,670 [INFO] ThirdPartyUpdaterWithRetryManager:96 - Updater plugin is busy. [7/15]
2026-03-04 22:42:53,594 [INFO] WebApp:191 - Connection restablished
2026-03-04 22:42:54,398 [INFO] ServerAccessManage:452 - Complete download http(s) 200
2026-03-04 22:42:54,399 [INFO] ServerAccessManage:509 - Download File STMicroelectronics.X-CUBE-AZRTOS-H7RS.pdsc
2026-03-04 22:42:55,681 [WARN] MainUpdater:1193 - Updater busy. Cannot search thirdparties
2026-03-04 22:42:55,681 [INFO] ThirdPartyUpdaterWithRetryManager:96 - Updater plugin is busy. [8/15]
2026-03-04 22:42:58,689 [WARN] MainUpdater:1193 - Updater busy. Cannot search thirdparties
2026-03-04 22:42:58,689 [INFO] ThirdPartyUpdaterWithRetryManager:96 - Updater plugin is busy. [9/15]
2026-03-04 22:43:01,701 [WARN] MainUpdater:1193 - Updater busy. Cannot search thirdparties
2026-03-04 22:43:01,703 [INFO] ThirdPartyUpdaterWithRetryManager:96 - Updater plugin is busy. [10/15]
2026-03-04 22:43:03,684 [INFO] ServerAccessManage:452 - Complete download http(s) 200
2026-03-04 22:43:03,685 [INFO] ServerAccessManage:509 - Download File WES.I-CUBE-Cesium.pdsc
2026-03-04 22:43:04,719 [WARN] MainUpdater:1193 - Updater busy. Cannot search thirdparties
2026-03-04 22:43:04,719 [INFO] ThirdPartyUpdaterWithRetryManager:96 - Updater plugin is busy. [11/15]
2026-03-04 22:43:04,859 [ERROR] ServerAccessManage:1212 - Problem, file not found on Server
2026-03-04 22:43:05,868 [ERROR] ServerAccessManage:1212 - Problem, file not found on Server
2026-03-04 22:43:07,724 [WARN] MainUpdater:1193 - Updater busy. Cannot search thirdparties
2026-03-04 22:43:07,725 [INFO] ThirdPartyUpdaterWithRetryManager:96 - Updater plugin is busy. [12/15]
2026-03-04 22:43:10,367 [INFO] ServerAccessManage:452 - Complete download http(s) 200
2026-03-04 22:43:10,368 [INFO] ServerAccessManage:509 - Download File Infineon.AIROC-Wi-Fi-Bluetooth-STM32.pdsc
2026-03-04 22:43:10,728 [WARN] MainUpdater:1193 - Updater busy. Cannot search thirdparties
2026-03-04 22:43:10,728 [INFO] ThirdPartyUpdaterWithRetryManager:96 - Updater plugin is busy. [13/15]
2026-03-04 22:43:13,745 [WARN] MainUpdater:1193 - Updater busy. Cannot search thirdparties
2026-03-04 22:43:13,745 [INFO] ThirdPartyUpdaterWithRetryManager:96 - Updater plugin is busy. [14/15]
2026-03-04 22:43:16,756 [WARN] MainUpdater:1193 - Updater busy. Cannot search thirdparties
2026-03-04 22:43:16,757 [INFO] ThirdPartyUpdaterWithRetryManager:96 - Updater plugin is busy. [15/15]
2026-03-04 22:43:16,757 [ERROR] IntegrityCheckThread:130 - Cannot retrieve database content from updater: error -1
2026-03-04 22:43:16,758 [INFO] ThirdParty:978 - Integrity check success = false
2026-03-04 22:43:16,758 [INFO] IntegrityCheckThread:100 - exiting critical section [integrity check]
2026-03-04 22:43:16,759 [INFO] IntegrityCheckThread:103 - End integrity checks thread
2026-03-04 22:43:29,605 [INFO] ServerAccessManage:452 - Complete download http(s) 200
2026-03-04 22:43:29,606 [INFO] ServerAccessManage:509 - Download File Cesanta.I-CUBE-Mongoose.pdsc
2026-03-04 22:43:35,395 [WARN] PackLoader:240 - Cannot read IP mode file for STMicroelectronics.FP-SNS-MOTENVWB1.1.5.0
2026-03-04 22:43:35,470 [WARN] PackLoader:240 - Cannot read IP mode file for STMicroelectronics.X-CUBE-FREERTOS.1.5.0
2026-03-04 22:43:35,548 [INFO] CheckServerUpdateThread:120 - End of CheckServer Thread
2026-03-04 22:43:35,748 [WARN] PackLoader:240 - Cannot read IP mode file for STMicroelectronics.X-CUBE-MEMS1.12.0.0
2026-03-04 22:43:36,280 [WARN] PackLoader:240 - Cannot read IP mode file for STMicroelectronics.X-CUBE-NFC6.3.2.0
2026-03-04 22:43:36,306 [WARN] PackLoader:240 - Cannot read IP mode file for STMicroelectronics.X-CUBE-ST67W61.1.2.0
2026-03-04 22:43:36,335 [WARN] PackLoader:240 - Cannot read IP mode file for STMicroelectronics.X-CUBE-STSE01.2.0.0
2026-03-04 22:43:36,356 [WARN] PackLoader:240 - Cannot read IP mode file for STMicroelectronics.X-CUBE-TOUCHGFX.4.26.1
2026-03-04 22:43:36,414 [WARN] PackLoader:240 - Cannot read IP mode file for STMicroelectronics.X-CUBE-AZRTOS-H7.3.5.0
2026-03-04 22:43:36,505 [WARN] PackLoader:240 - Cannot read IP mode file for STMicroelectronics.X-CUBE-AZRTOS-H7RS.1.2.0
2026-03-04 22:43:36,590 [WARN] PackLoader:240 - Cannot read IP mode file for WES.I-CUBE-Cesium.1.4.0
2026-03-04 22:43:36,644 [WARN] PackLoader:240 - Cannot read IP mode file for Infineon.AIROC-Wi-Fi-Bluetooth-STM32.1.8.0
2026-03-04 22:43:36,697 [WARN] PackLoader:240 - Cannot read IP mode file for Cesanta.I-CUBE-Mongoose.7.20.0
2026-03-04 22:43:36,699 [INFO] PopulateThirdPartyThread:66 - Ending populate Thread
2026-03-04 22:43:36,721 [INFO] ThirdParty:1030 - CMSIS Pack Vendor :STMicroelectronics X-CUBE-FREERTOS 1.5.0
2026-03-04 22:43:36,721 [INFO] ThirdParty:1030 - CMSIS Pack Vendor :STMicroelectronics X-CUBE-AZRTOS-H7 3.5.0
2026-03-04 22:43:36,721 [INFO] ThirdParty:1030 - CMSIS Pack Vendor :Cesanta I-CUBE-Mongoose 7.20.0
2026-03-04 22:43:36,721 [INFO] ThirdParty:1030 - CMSIS Pack Vendor :STMicroelectronics X-CUBE-MEMS1 12.0.0
2026-03-04 22:43:36,721 [INFO] ThirdParty:1030 - CMSIS Pack Vendor :WES I-CUBE-Cesium 1.4.0
2026-03-04 22:43:36,722 [INFO] ThirdParty:1030 - CMSIS Pack Vendor :STMicroelectronics FP-SNS-MOTENVWB1 1.5.0
2026-03-04 22:43:36,722 [INFO] ThirdParty:1030 - CMSIS Pack Vendor :STMicroelectronics X-CUBE-STSE01 2.0.0
2026-03-04 22:43:36,722 [INFO] ThirdParty:1030 - CMSIS Pack Vendor :Infineon AIROC-Wi-Fi-Bluetooth-STM32 1.8.0
2026-03-04 22:43:36,722 [INFO] ThirdParty:1030 - CMSIS Pack Vendor :STMicroelectronics X-CUBE-TOUCHGFX 4.26.1
2026-03-04 22:43:36,722 [INFO] ThirdParty:1030 - CMSIS Pack Vendor :STMicroelectronics X-CUBE-AZRTOS-H7RS 1.2.0
2026-03-04 22:43:36,722 [INFO] ThirdParty:1030 - CMSIS Pack Vendor :STMicroelectronics X-CUBE-NFC6 3.2.0
2026-03-04 22:43:36,723 [INFO] ThirdParty:1030 - CMSIS Pack Vendor :STMicroelectronics X-CUBE-ST67W61 1.2.0
2026-03-04 22:43:36,724 [INFO] LoadServerUpdatesThread:375 - End of LoadServerUpdate Thread
2026-03-04 22:59:41,194 [INFO] McuFinderGlobals:63 - Set McuFinder mode to 2 (CubeIDE integrated)
2026-03-04 22:59:41,195 [INFO] UserAuth:171 - activating auth plugin
2026-03-04 22:59:41,200 [INFO] UserAuth:487 - Internet connection configuration mode: 1
2026-03-04 23:01:32,299 [INFO] McuFinderGlobals:63 - Set McuFinder mode to 2 (CubeIDE integrated)
2026-03-04 23:01:32,300 [INFO] UserAuth:171 - activating auth plugin
2026-03-04 23:01:32,303 [INFO] UserAuth:487 - Internet connection configuration mode: 1
2026-03-04 23:05:18,415 [INFO] WebApp:194 - Connection lost
2026-03-04 23:05:19,651 [INFO] WebApp:191 - Connection restablished
2026-03-04 23:06:29,513 [INFO] McuFinderGlobals:63 - Set McuFinder mode to 2 (CubeIDE integrated)
2026-03-04 23:06:29,514 [INFO] UserAuth:171 - activating auth plugin
2026-03-04 23:06:29,519 [INFO] UserAuth:487 - Internet connection configuration mode: 1
2026-03-04 23:07:14,674 [INFO] McuFinderGlobals:63 - Set McuFinder mode to 2 (CubeIDE integrated)
2026-03-04 23:07:14,674 [INFO] UserAuth:171 - activating auth plugin
2026-03-04 23:07:14,679 [INFO] UserAuth:487 - Internet connection configuration mode: 1
2026-03-04 23:08:40,919 [INFO] McuFinderGlobals:63 - Set McuFinder mode to 2 (CubeIDE integrated)
2026-03-04 23:08:40,920 [INFO] UserAuth:171 - activating auth plugin
2026-03-04 23:08:40,923 [INFO] UserAuth:487 - Internet connection configuration mode: 1
2026-03-04 23:10:14,789 [INFO] McuFinderGlobals:63 - Set McuFinder mode to 2 (CubeIDE integrated)
2026-03-04 23:10:14,790 [INFO] UserAuth:171 - activating auth plugin
2026-03-04 23:10:14,796 [INFO] UserAuth:487 - Internet connection configuration mode: 1
2026-03-04 23:10:44,688 [INFO] WebApp:650 - userauth.ini created with success
2026-03-04 23:10:49,638 [INFO] McuFinderGlobals:63 - Set McuFinder mode to 2 (CubeIDE integrated)
2026-03-04 23:10:49,639 [INFO] UserAuth:487 - Internet connection configuration mode: 1
2026-03-04 23:10:51,541 [INFO] UserAuth:171 - activating auth plugin
2026-03-04 23:10:51,547 [INFO] UserAuth:487 - Internet connection configuration mode: 1
2026-03-04 23:11:31,980 [INFO] WebApp:194 - Connection lost
2026-03-04 23:13:53,431 [ERROR] AdobePublisher:162 - Exception while opening the connection: java.net.SocketTimeoutException: Read timed out
2026-03-04 23:13:58,437 [ERROR] AdobePublisher:162 - Exception while opening the connection: java.net.SocketTimeoutException: Read timed out
2026-03-04 23:14:03,441 [ERROR] AdobePublisher:162 - Exception while opening the connection: java.net.SocketTimeoutException: Read timed out
2026-03-04 23:14:08,447 [ERROR] AdobePublisher:162 - Exception while opening the connection: java.net.SocketTimeoutException: Read timed out
2026-03-04 23:14:13,453 [ERROR] AdobePublisher:162 - Exception while opening the connection: java.net.SocketTimeoutException: Read timed out
2026-03-04 23:14:15,438 [ERROR] LogOutputStream:75 - [STDERR_REDIRECT] 
